Mono path[0] = 'D:/Projekty/Magisterka/Builds/Magisterka_Data/Managed'
Mono config path = 'D:/Projekty/Magisterka/Builds/MonoBleedingEdge/etc'
Initialize engine version: 2020.3.26f1 (7298b473bc1a)
[Subsystems] Discovering subsystems at path D:/Projekty/Magisterka/Builds/Magisterka_Data/UnitySubsystems
Forcing GfxDevice: Null
GfxDevice: creating device client; threaded=0
NullGfxDevice:
    Version:  NULL 1.0 [1.0]
    Renderer: Null Device
    Vendor:   Unity Technologies
Begin MonoManager ReloadAssembly
- Completed reload, in  4.255 seconds
ERROR: Shader Hidden/Universal Render Pipeline/Blit shader is not supported on this GPU (none of subshaders/fallbacks are suitable)
ERROR: Shader Hidden/Universal Render Pipeline/CopyDepth shader is not supported on this GPU (none of subshaders/fallbacks are suitable)
ERROR: Shader Hidden/Universal Render Pipeline/ScreenSpaceShadows shader is not supported on this GPU (none of subshaders/fallbacks are suitable)
ERROR: Shader Hidden/Universal Render Pipeline/Sampling shader is not supported on this GPU (none of subshaders/fallbacks are suitable)
ERROR: Shader Hidden/Universal Render Pipeline/LutBuilderLdr shader is not supported on this GPU (none of subshaders/fallbacks are suitable)
ERROR: Shader Hidden/Universal Render Pipeline/LutBuilderHdr shader is not supported on this GPU (none of subshaders/fallbacks are suitable)
ERROR: Shader Hidden/Universal Render Pipeline/UberPost shader is not supported on this GPU (none of subshaders/fallbacks are suitable)
ERROR: Shader Hidden/Universal Render Pipeline/Stop NaN shader is not supported on this GPU (none of subshaders/fallbacks are suitable)
ERROR: Shader Hidden/Universal Render Pipeline/SubpixelMorphologicalAntialiasing shader is not supported on this GPU (none of subshaders/fallbacks are suitable)
ERROR: Shader Hidden/Universal Render Pipeline/GaussianDepthOfField shader is not supported on this GPU (none of subshaders/fallbacks are suitable)
ERROR: Shader Hidden/Universal Render Pipeline/BokehDepthOfField shader is not supported on this GPU (none of subshaders/fallbacks are suitable)
ERROR: Shader Hidden/Universal Render Pipeline/CameraMotionBlur shader is not supported on this GPU (none of subshaders/fallbacks are suitable)
ERROR: Shader Hidden/Universal Render Pipeline/PaniniProjection shader is not supported on this GPU (none of subshaders/fallbacks are suitable)
ERROR: Shader Hidden/Universal Render Pipeline/Bloom shader is not supported on this GPU (none of subshaders/fallbacks are suitable)
ERROR: Shader Hidden/Universal Render Pipeline/FinalPost shader is not supported on this GPU (none of subshaders/fallbacks are suitable)
WARNING: Shader Unsupported: 'Hidden/Universal Render Pipeline/StencilDeferred' - All subshaders removed
WARNING: Shader Did you use #pragma only_renderers and omit this platform?
WARNING: Shader If subshaders removal was intentional, you may have forgotten turning Fallback off?
ERROR: Shader Hidden/Universal Render Pipeline/StencilDeferred shader is not supported on this GPU (none of subshaders/fallbacks are suitable)
WARNING: Shader Unsupported: 'Hidden/Universal Render Pipeline/StencilDeferred' - All subshaders removed
WARNING: Shader Did you use #pragma only_renderers and omit this platform?
WARNING: Shader If subshaders removal was intentional, you may have forgotten turning Fallback off?
ERROR: Shader Sprites/Default shader is not supported on this GPU (none of subshaders/fallbacks are suitable)
Microsoft Media Foundation video decoding to texture disabled: graphics device is Null, only Direct3D 11 and Direct3D 12 (only on desktop) are supported for hardware-accelerated video decoding.
ERROR: Shader Sprites/Mask shader is not supported on this GPU (none of subshaders/fallbacks are suitable)
ERROR: Shader Unlit/Texture shader is not supported on this GPU (none of subshaders/fallbacks are suitable)
ERROR: Shader Legacy Shaders/Particles/Alpha Blended Premultiply shader is not supported on this GPU (none of subshaders/fallbacks are suitable)
ERROR: Shader GUI/Text Shader shader is not supported on this GPU (none of subshaders/fallbacks are suitable)
ERROR: Shader TextMeshPro/Mobile/Distance Field shader is not supported on this GPU (none of subshaders/fallbacks are suitable)
WARNING: Shader Unsupported: 'Universal Render Pipeline/Lit' - All subshaders removed
WARNING: Shader Did you use #pragma only_renderers and omit this platform?
WARNING: Shader If subshaders removal was intentional, you may have forgotten turning Fallback off?
ERROR: Shader Universal Render Pipeline/Lit shader is not supported on this GPU (none of subshaders/fallbacks are suitable)
WARNING: Shader Unsupported: 'Universal Render Pipeline/Lit' - All subshaders removed
WARNING: Shader Did you use #pragma only_renderers and omit this platform?
WARNING: Shader If subshaders removal was intentional, you may have forgotten turning Fallback off?
UnloadTime: 6.389700 ms
Registered Communicator.
Fallback handler could not load library D:/Projekty/Magisterka/Builds/Magisterka_Data/Mono/libcoreclr.so
Fallback handler could not load library D:/Projekty/Magisterka/Builds/Magisterka_Data/Mono/libcoreclr.so.dll
Fallback handler could not load library D:/Projekty/Magisterka/Builds/Magisterka_Data/Mono/libcoreclr.so
Fallback handler could not load library D:/Projekty/Magisterka/Builds/Magisterka_Data/Mono/libdl.so
Fallback handler could not load library D:/Projekty/Magisterka/Builds/Magisterka_Data/Mono/libdl.so.dll
Fallback handler could not load library D:/Projekty/Magisterka/Builds/Magisterka_Data/Mono/libdl.so
Fallback handler could not load library D:/Projekty/Magisterka/Builds/Magisterka_Data/Mono/libSystem.dylib
Fallback handler could not load library D:/Projekty/Magisterka/Builds/Magisterka_Data/Mono/libSystem.dylib.dll
Fallback handler could not load library D:/Projekty/Magisterka/Builds/Magisterka_Data/Mono/libSystem.dylib
Fallback handler could not load library D:/Projekty/Magisterka/Builds/Magisterka_Data/Mono/libcoreclr.so
Fallback handler could not load library D:/Projekty/Magisterka/Builds/Magisterka_Data/Mono/libcoreclr.so.dll
Fallback handler could not load library D:/Projekty/Magisterka/Builds/Magisterka_Data/Mono/libcoreclr.so
Fallback handler could not load library D:/Projekty/Magisterka/Builds/Magisterka_Data/Mono/libdl.so
Fallback handler could not load library D:/Projekty/Magisterka/Builds/Magisterka_Data/Mono/libdl.so.dll
Fallback handler could not load library D:/Projekty/Magisterka/Builds/Magisterka_Data/Mono/libdl.so
Fallback handler could not load library D:/Projekty/Magisterka/Builds/Magisterka_Data/Mono/libSystem.dylib
Fallback handler could not load library D:/Projekty/Magisterka/Builds/Magisterka_Data/Mono/libSystem.dylib.dll
Fallback handler could not load library D:/Projekty/Magisterka/Builds/Magisterka_Data/Mono/libSystem.dylib
More observations (14) made than vector observation size (12). The observations will be truncated.
More observations (14) made than vector observation size (12). The observations will be truncated.
More observations (14) made than vector observation size (12). The observations will be truncated.
More observations (14) made than vector observation size (12). The observations will be truncated.
More observations (14) made than vector observation size (12). The observations will be truncated.
More observations (14) made than vector observation size (12). The observations will be truncated.
More observations (14) made than vector observation size (12). The observations will be truncated.
More observations (14) made than vector observation size (12). The observations will be truncated.
More observations (14) made than vector observation size (12). The observations will be truncated.
More observations (14) made than vector observation size (12). The observations will be truncated.
More observations (14) made than vector observation size (12). The observations will be truncated.
More observations (14) made than vector observation size (12). The observations will be truncated.
More observations (14) made than vector observation size (12). The observations will be truncated.
More observations (14) made than vector observation size (12). The observations will be truncated.
More observations (14) made than vector observation size (12). The observations will be truncated.
More observations (14) made than vector observation size (12). The observations will be truncated.
More observations (14) made than vector observation size (12). The observations will be truncated.
More observations (14) made than vector observation size (12). The observations will be truncated.
More observations (14) made than vector observation size (12). The observations will be truncated.
More observations (14) made than vector observation size (12). The observations will be truncated.
More observations (14) made than vector observation size (12). The observations will be truncated.
More observations (14) made than vector observation size (12). The observations will be truncated.
More observations (14) made than vector observation size (12). The observations will be truncated.
More observations (14) made than vector observation size (12). The observations will be truncated.
GRPC Exception: Status(StatusCode=Unknown, Detail="Stream removed"). Disconnecting from trainer.
AccelerateCar: 0
AccelerateCar: 0
AccelerateCar: 0
AccelerateCar: 0
AccelerateCar: 0
AccelerateCar: 0
AccelerateCar: 0
AccelerateCar: 0
AccelerateCar: 0
AccelerateCar: 0
AccelerateCar: 0
AccelerateCar: 0
AccelerateCar: 0
AccelerateCar: 0
AccelerateCar: 0
AccelerateCar: 0
AccelerateCar: 0
AccelerateCar: 0
AccelerateCar: 0
AccelerateCar: 0
AccelerateCar: 0
AccelerateCar: 0
AccelerateCar: 0
AccelerateCar: 0
System.NullReferenceException: Object reference not set to an instance of an object
  at PrometeoCarController.CarSpeedUI () [0x00020] in <35a8071661294e0fa9308a866c615293>:0 
System.NullReferenceException: Object reference not set to an instance of an object
  at PrometeoCarController.CarSounds () [0x0007f] in <35a8071661294e0fa9308a866c615293>:0 
System.NullReferenceException: Object reference not set to an instance of an object
  at PrometeoCarController.CarSpeedUI () [0x00020] in <35a8071661294e0fa9308a866c615293>:0 
System.NullReferenceException: Object reference not set to an instance of an object
  at PrometeoCarController.CarSounds () [0x0007f] in <35a8071661294e0fa9308a866c615293>:0 
System.NullReferenceException: Object reference not set to an instance of an object
  at PrometeoCarController.CarSpeedUI () [0x00020] in <35a8071661294e0fa9308a866c615293>:0 
System.NullReferenceException: Object reference not set to an instance of an object
  at PrometeoCarController.CarSounds () [0x0007f] in <35a8071661294e0fa9308a866c615293>:0 
System.NullReferenceException: Object reference not set to an instance of an object
  at PrometeoCarController.CarSpeedUI () [0x00020] in <35a8071661294e0fa9308a866c615293>:0 
System.NullReferenceException: Object reference not set to an instance of an object
  at PrometeoCarController.CarSounds () [0x0007f] in <35a8071661294e0fa9308a866c615293>:0 
System.NullReferenceException: Object reference not set to an instance of an object
  at PrometeoCarController.CarSpeedUI () [0x00020] in <35a8071661294e0fa9308a866c615293>:0 
System.NullReferenceException: Object reference not set to an instance of an object
  at PrometeoCarController.CarSounds () [0x0007f] in <35a8071661294e0fa9308a866c615293>:0 
System.NullReferenceException: Object reference not set to an instance of an object
  at PrometeoCarController.CarSpeedUI () [0x00020] in <35a8071661294e0fa9308a866c615293>:0 
System.NullReferenceException: Object reference not set to an instance of an object
  at PrometeoCarController.CarSounds () [0x0007f] in <35a8071661294e0fa9308a866c615293>:0 
System.NullReferenceException: Object reference not set to an instance of an object
  at PrometeoCarController.CarSpeedUI () [0x00020] in <35a8071661294e0fa9308a866c615293>:0 
System.NullReferenceException: Object reference not set to an instance of an object
  at PrometeoCarController.CarSounds () [0x0007f] in <35a8071661294e0fa9308a866c615293>:0 
System.NullReferenceException: Object reference not set to an instance of an object
  at PrometeoCarController.CarSpeedUI () [0x00020] in <35a8071661294e0fa9308a866c615293>:0 
System.NullReferenceException: Object reference not set to an instance of an object
  at PrometeoCarController.CarSounds () [0x0007f] in <35a8071661294e0fa9308a866c615293>:0 
System.NullReferenceException: Object reference not set to an instance of an object
  at PrometeoCarController.CarSpeedUI () [0x00020] in <35a8071661294e0fa9308a866c615293>:0 
System.NullReferenceException: Object reference not set to an instance of an object
  at PrometeoCarController.CarSounds () [0x0007f] in <35a8071661294e0fa9308a866c615293>:0 
System.NullReferenceException: Object reference not set to an instance of an object
  at PrometeoCarController.CarSpeedUI () [0x00020] in <35a8071661294e0fa9308a866c615293>:0 
System.NullReferenceException: Object reference not set to an instance of an object
  at PrometeoCarController.CarSounds () [0x0007f] in <35a8071661294e0fa9308a866c615293>:0 
System.NullReferenceException: Object reference not set to an instance of an object
  at PrometeoCarController.CarSpeedUI () [0x00020] in <35a8071661294e0fa9308a866c615293>:0 
System.NullReferenceException: Object reference not set to an instance of an object
  at PrometeoCarController.CarSounds () [0x0007f] in <35a8071661294e0fa9308a866c615293>:0 
System.NullReferenceException: Object reference not set to an instance of an object
  at PrometeoCarController.CarSpeedUI () [0x00020] in <35a8071661294e0fa9308a866c615293>:0 
System.NullReferenceException: Object reference not set to an instance of an object
  at PrometeoCarController.CarSounds () [0x0007f] in <35a8071661294e0fa9308a866c615293>:0 
System.NullReferenceException: Object reference not set to an instance of an object
  at PrometeoCarController.CarSpeedUI () [0x00020] in <35a8071661294e0fa9308a866c615293>:0 
System.NullReferenceException: Object reference not set to an instance of an object
  at PrometeoCarController.CarSounds () [0x0007f] in <35a8071661294e0fa9308a866c615293>:0 
System.NullReferenceException: Object reference not set to an instance of an object
  at PrometeoCarController.CarSpeedUI () [0x00020] in <35a8071661294e0fa9308a866c615293>:0 
System.NullReferenceException: Object reference not set to an instance of an object
  at PrometeoCarController.CarSounds () [0x0007f] in <35a8071661294e0fa9308a866c615293>:0 
System.NullReferenceException: Object reference not set to an instance of an object
  at PrometeoCarController.CarSpeedUI () [0x00020] in <35a8071661294e0fa9308a866c615293>:0 
System.NullReferenceException: Object reference not set to an instance of an object
  at PrometeoCarController.CarSounds () [0x0007f] in <35a8071661294e0fa9308a866c615293>:0 
System.NullReferenceException: Object reference not set to an instance of an object
  at PrometeoCarController.CarSpeedUI () [0x00020] in <35a8071661294e0fa9308a866c615293>:0 
System.NullReferenceException: Object reference not set to an instance of an object
  at PrometeoCarController.CarSounds () [0x0007f] in <35a8071661294e0fa9308a866c615293>:0 
System.NullReferenceException: Object reference not set to an instance of an object
  at PrometeoCarController.CarSpeedUI () [0x00020] in <35a8071661294e0fa9308a866c615293>:0 
System.NullReferenceException: Object reference not set to an instance of an object
  at PrometeoCarController.CarSounds () [0x0007f] in <35a8071661294e0fa9308a866c615293>:0 
System.NullReferenceException: Object reference not set to an instance of an object
  at PrometeoCarController.CarSpeedUI () [0x00020] in <35a8071661294e0fa9308a866c615293>:0 
System.NullReferenceException: Object reference not set to an instance of an object
  at PrometeoCarController.CarSounds () [0x0007f] in <35a8071661294e0fa9308a866c615293>:0 
System.NullReferenceException: Object reference not set to an instance of an object
  at PrometeoCarController.CarSpeedUI () [0x00020] in <35a8071661294e0fa9308a866c615293>:0 
System.NullReferenceException: Object reference not set to an instance of an object
  at PrometeoCarController.CarSounds () [0x0007f] in <35a8071661294e0fa9308a866c615293>:0 
System.NullReferenceException: Object reference not set to an instance of an object
  at PrometeoCarController.CarSpeedUI () [0x00020] in <35a8071661294e0fa9308a866c615293>:0 
System.NullReferenceException: Object reference not set to an instance of an object
  at PrometeoCarController.CarSounds () [0x0007f] in <35a8071661294e0fa9308a866c615293>:0 
System.NullReferenceException: Object reference not set to an instance of an object
  at PrometeoCarController.CarSpeedUI () [0x00020] in <35a8071661294e0fa9308a866c615293>:0 
System.NullReferenceException: Object reference not set to an instance of an object
  at PrometeoCarController.CarSounds () [0x0007f] in <35a8071661294e0fa9308a866c615293>:0 
System.NullReferenceException: Object reference not set to an instance of an object
  at PrometeoCarController.CarSpeedUI () [0x00020] in <35a8071661294e0fa9308a866c615293>:0 
System.NullReferenceException: Object reference not set to an instance of an object
  at PrometeoCarController.CarSounds () [0x0007f] in <35a8071661294e0fa9308a866c615293>:0 
System.NullReferenceException: Object reference not set to an instance of an object
  at PrometeoCarController.CarSpeedUI () [0x00020] in <35a8071661294e0fa9308a866c615293>:0 
System.NullReferenceException: Object reference not set to an instance of an object
  at PrometeoCarController.CarSounds () [0x0007f] in <35a8071661294e0fa9308a866c615293>:0 
System.NullReferenceException: Object reference not set to an instance of an object
  at PrometeoCarController.CarSpeedUI () [0x00020] in <35a8071661294e0fa9308a866c615293>:0 
System.NullReferenceException: Object reference not set to an instance of an object
  at PrometeoCarController.CarSounds () [0x0007f] in <35a8071661294e0fa9308a866c615293>:0 
ERROR: Shader TextMeshPro/Sprite shader is not supported on this GPU (none of subshaders/fallbacks are suitable)
Setting up 6 worker threads for Enlighten.
  Thread -> id: 54d0 -> priority: 1 
  Thread -> id: 2904 -> priority: 1 
  Thread -> id: 78c -> priority: 1 
  Thread -> id: 4ae0 -> priority: 1 
  Thread -> id: 4fd4 -> priority: 1 
  Thread -> id: 3314 -> priority: 1 
